<?xml version="1.0" encoding="UTF-8"?>
<!-- Generated by org.testng.reporters.JUnitReportReporter -->
<testsuite hostname="lappy" failures="0" tests="3" name="TestRunner" time="37.427" errors="0" timestamp="2024-09-28T16:44:20 IST" skipped="0">
  <testcase classname="TestRunner" name="runScenario" time="9.864"/>
  <testcase classname="TestRunner" name="runScenario" time="12.646"/>
  <testcase classname="TestRunner" name="runScenario" time="14.917"/>
</testsuite> <!-- TestRunner -->
